DEBUG    temporalio.worker._activity:_activity.py:276 Running activity wait_forever (token b'\n$f032a326-ed6d-485e-81c8-68533bd3a6fc\x123workflow-10e6d613-6e1d-4429-8ce8-78f8c52eb123_child\x1a$b4d42c50-67ca-424a-8877-7b6ea4765462 \x05(\x012\x011B\x0cwait_foreverJ\x08\x08\x01\x10\xc4\xa4@\x18\x01')
DEBUG    temporalio.activity:_activity.py:440 Starting activity ({'activity_id': '1', 'activity_type': 'wait_forever', 'attempt': 1, 'namespace': 'default', 'task_queue': 'd5a06699-a02d-4dc2-bf08-891a91ebe331', 'workflow_id': 'workflow-10e6d613-6e1d-4429-8ce8-78f8c52eb123_child', 'workflow_run_id': 'b4d42c50-67ca-424a-8877-7b6ea4765462', 'workflow_type': 'UncaughtCancelWorkflow'})
DEBUG    temporalio.worker._workflow_instance:_workflow_instance.py:1788 Workflow raised failure with run ID b4d42c50-67ca-424a-8877-7b6ea4765462
temporalio.exceptions.CancelledError: Cancelled

The above exception was the direct cause of the following exception:

Traceback (most recent call last):
  File "/home/runner/work/sdk-python/sdk-python/temporalio/worker/_workflow_instance.py", line 1767, in _run_top_level_workflow_function
    await coro
  File "/home/runner/work/sdk-python/sdk-python/temporalio/worker/_workflow_instance.py", line 831, in run_workflow
    result = await self._inbound.execute_workflow(input)
  File "/home/runner/work/sdk-python/sdk-python/temporalio/testing/_workflow.py", line 493, in execute_workflow
    return await super().execute_workflow(input)
  File "/home/runner/work/sdk-python/sdk-python/temporalio/worker/_interceptor.py", line 328, in execute_workflow
    return await self.next.execute_workflow(input)
  File "/home/runner/work/sdk-python/sdk-python/temporalio/worker/_workflow_instance.py", line 2099, in execute_workflow
    return await input.run_fn(*args)
  File "/home/runner/work/sdk-python/sdk-python/tests/worker/test_workflow.py", line 1046, in run
    await workflow.execute_activity(
  File "/home/runner/work/sdk-python/sdk-python/temporalio/workflow.py", line 2011, in execute_activity
    return await _Runtime.current().workflow_start_activity(
  File "/home/runner/work/sdk-python/sdk-python/temporalio/worker/_workflow_instance.py", line 1423, in run_activity
    return await asyncio.shield(handle._result_fut)
temporalio.exceptions.ActivityError: Activity cancelled
DEBUG    temporalio.worker._workflow_instance:_workflow_instance.py:1788 Workflow raised failure with run ID efd38ef3-f5c0-4d5e-a65e-04de803606dc
temporalio.exceptions.CancelledError: Cancelled

The above exception was the direct cause of the following exception:

Traceback (most recent call last):
  File "/home/runner/work/sdk-python/sdk-python/temporalio/worker/_workflow_instance.py", line 1767, in _run_top_level_workflow_function
    await coro
  File "/home/runner/work/sdk-python/sdk-python/temporalio/worker/_workflow_instance.py", line 831, in run_workflow
    result = await self._inbound.execute_workflow(input)
  File "/home/runner/work/sdk-python/sdk-python/temporalio/testing/_workflow.py", line 493, in execute_workflow
    return await super().execute_workflow(input)
  File "/home/runner/work/sdk-python/sdk-python/temporalio/worker/_interceptor.py", line 328, in execute_workflow
    return await self.next.execute_workflow(input)
  File "/home/runner/work/sdk-python/sdk-python/temporalio/worker/_workflow_instance.py", line 2099, in execute_workflow
    return await input.run_fn(*args)
  File "/home/runner/work/sdk-python/sdk-python/tests/worker/test_workflow.py", line 1050, in run
    await workflow.execute_child_workflow(
  File "/home/runner/work/sdk-python/sdk-python/temporalio/workflow.py", line 3906, in execute_child_workflow
    return await handle
  File "/home/runner/work/sdk-python/sdk-python/temporalio/worker/_workflow_instance.py", line 1511, in run_child
    return await asyncio.shield(handle._result_fut)
temporalio.exceptions.ChildWorkflowError: Child Workflow execution cancelled
INFO     temporalio.worker._worker:_worker.py:523 Beginning worker shutdown, will wait 0:00:00 before cancelling activities
DEBUG    temporalio.worker._activity:_activity.py:216 Cancelling activity b'\n$f032a326-ed6d-485e-81c8-68533bd3a6fc\x123workflow-10e6d613-6e1d-4429-8ce8-78f8c52eb123_child\x1a$b4d42c50-67ca-424a-8877-7b6ea4765462 \x05(\x012\x011B\x0cwait_foreverJ\x08\x08\x01\x10\xc4\xa4@\x18\x01', reason: 3
DEBUG    temporalio.activity:_activity.py:486 Completing as cancelled ({'activity_id': '1', 'activity_type': 'wait_forever', 'attempt': 1, 'namespace': 'default', 'task_queue': 'd5a06699-a02d-4dc2-bf08-891a91ebe331', 'workflow_id': 'workflow-10e6d613-6e1d-4429-8ce8-78f8c52eb123_child', 'workflow_run_id': 'b4d42c50-67ca-424a-8877-7b6ea4765462', 'workflow_type': 'UncaughtCancelWorkflow'})
DEBUG    temporalio.worker._activity:_activity.py:527 Completing activity with completion: task_token: "\n$f032a326-ed6d-485e-81c8-68533bd3a6fc\0223workflow-10e6d613-6e1d-4429-8ce8-78f8c52eb123_child\032$b4d42c50-67ca-424a-8877-7b6ea4765462 \005(\0012\0011B\014wait_foreverJ\010\010\001\020\304\244@\030\001"
result {
  cancelled {
    failure {
      message: "Cancelled"
      canceled_failure_info {
      }
    }
  }
}