DEBUG    temporalio.worker._activity:_activity.py:276 Running activity say_hello (token b'\n$e6d2a310-ce30-4dfe-87db-9ed829a8df47\x12$9dad8fc3-8020-4b85-b4fc-dfcf80df40df\x1a$e1fa1b59-f1de-442b-bba9-c82e71831e8b \x05(\x012\x011B\tsay_helloJ\x08\x08\x01\x10\xa7\x8c@\x18\x01')
DEBUG    temporalio.activity:_activity.py:440 Starting activity ({'activity_id': '1', 'activity_type': 'say_hello', 'attempt': 1, 'namespace': 'default', 'task_queue': '32cabe0b-81dd-48c3-a3e7-2f0e52c36b73', 'workflow_id': '9dad8fc3-8020-4b85-b4fc-dfcf80df40df', 'workflow_run_id': 'e1fa1b59-f1de-442b-bba9-c82e71831e8b', 'workflow_type': 'kitchen_sink'})
WARNING  temporalio.activity:_activity.py:493 Completing activity as failed ({'activity_id': '1', 'activity_type': 'say_hello', 'attempt': 1, 'namespace': 'default', 'task_queue': '32cabe0b-81dd-48c3-a3e7-2f0e52c36b73', 'workflow_id': '9dad8fc3-8020-4b85-b4fc-dfcf80df40df', 'workflow_run_id': 'e1fa1b59-f1de-442b-bba9-c82e71831e8b', 'workflow_type': 'kitchen_sink'})
Traceback (most recent call last):
  File "/home/runner/work/sdk-python/sdk-python/temporalio/worker/_activity.py", line 453, in _run_activity
    result = await impl.execute_activity(input)
             ^^^^^^^^^^^^^^^^^^^^^^^^^^^^^^^^^^
  File "/home/runner/work/sdk-python/sdk-python/temporalio/worker/_activity.py", line 711, in execute_activity
    return await input.fn(*input.args)
                 ^^^^^^^^^^^^^^^^^^^^^
TypeError: test_activity_bad_params.<locals>.say_hello() missing 1 required positional argument: 'name'
DEBUG    temporalio.worker._activity:_activity.py:527 Completing activity with completion: task_token: "\n$e6d2a310-ce30-4dfe-87db-9ed829a8df47\022$9dad8fc3-8020-4b85-b4fc-dfcf80df40df\032$e1fa1b59-f1de-442b-bba9-c82e71831e8b \005(\0012\0011B\tsay_helloJ\010\010\001\020\247\214@\030\001"
result {
  failed {
    failure {
      message: "test_activity_bad_params.<locals>.say_hello() missing 1 required positional argument: \'name\'"
      stack_trace: "  File \"/home/runner/work/sdk-python/sdk-python/temporalio/worker/_activity.py\", line 453, in _run_activity\n    result = await impl.execute_activity(input)\n             ^^^^^^^^^^^^^^^^^^^^^^^^^^^^^^^^^^\n\n  File \"/home/runner/work/sdk-python/sdk-python/temporalio/worker/_activity.py\", line 711, in execute_activity\n    return await input.fn(*input.args)\n                 ^^^^^^^^^^^^^^^^^^^^^\n"
      application_failure_info {
        type: "TypeError"
      }
    }
  }
}

DEBUG    temporalio.worker._workflow_instance:_workflow_instance.py:1788 Workflow raised failure with run ID e1fa1b59-f1de-442b-bba9-c82e71831e8b
temporalio.exceptions.ApplicationError: TypeError: test_activity_bad_params.<locals>.say_hello() missing 1 required positional argument: 'name'

The above exception was the direct cause of the following exception:

Traceback (most recent call last):
  File "/home/runner/work/sdk-python/sdk-python/temporalio/worker/_workflow_instance.py", line 1767, in _run_top_level_workflow_function
    await coro
  File "/home/runner/work/sdk-python/sdk-python/temporalio/worker/_workflow_instance.py", line 831, in run_workflow
    result = await self._inbound.execute_workflow(input)
             ^^^^^^^^^^^^^^^^^^^^^^^^^^^^^^^^^^^^^^^^^^^
  File "/home/runner/work/sdk-python/sdk-python/temporalio/testing/_workflow.py", line 493, in execute_workflow
    return await super().execute_workflow(input)
           ^^^^^^^^^^^^^^^^^^^^^^^^^^^^^^^^^^^^^
  File "/home/runner/work/sdk-python/sdk-python/temporalio/worker/_interceptor.py", line 328, in execute_workflow
    return await self.next.execute_workflow(input)
           ^^^^^^^^^^^^^^^^^^^^^^^^^^^^^^^^^^^^^^^
  File "/home/runner/work/sdk-python/sdk-python/temporalio/worker/_workflow_instance.py", line 2099, in execute_workflow
    return await input.run_fn(*args)
           ^^^^^^^^^^^^^^^^^^^^^^^^^
  File "/home/runner/work/sdk-python/sdk-python/tests/helpers/worker.py", line 97, in run
    should_return, ret = await self.handle_action(params, action)
                         ^^^^^^^^^^^^^^^^^^^^^^^^^^^^^^^^^^^^^^^^
  File "/home/runner/work/sdk-python/sdk-python/tests/helpers/worker.py", line 204, in handle_action
    raise task.exception()  # type: ignore
    ^^^^^^^^^^^^^^^^^^^^^^
  File "/home/runner/work/sdk-python/sdk-python/tests/helpers/worker.py", line 193, in run_activity
    last_result = await task
                  ^^^^^^^^^^
  File "/home/runner/work/sdk-python/sdk-python/temporalio/worker/_workflow_instance.py", line 1423, in run_activity
    return await asyncio.shield(handle._result_fut)
           ^^^^^^^^^^^^^^^^^^^^^^^^^^^^^^^^^^^^^^^^
temporalio.exceptions.ActivityError: Activity task failed
INFO     temporalio.worker._worker:_worker.py:523 Beginning worker shutdown, will wait 0:00:00 before cancelling activities